[
  {
    "line": 1,
    "elements": [
      {
        "line": 3,
        "name": "",
        "description": "",
        "type": "background",
        "keyword": "Background",
        "steps": [
          {
            "result": {
              "duration": 402573500,
              "status": "passed"
            },
            "line": 4,
            "name": "I am on HomePage \u0026 Login to the application",
            "match": {
              "location": "UserTestSteps.iAmOnHomePageLoginToTheApplication()"
            },
            "keyword": "Given "
          }
        ]
      },
      {
        "before": [
          {
            "result": {
              "duration": 2979914300,
              "status": "passed"
            },
            "match": {
              "location": "Hooks.setUp()"
            }
          }
        ],
        "line": 7,
        "name": "I should login successfully",
        "description": "",
        "id": "as-a-user-i-want-to-verify-different-login-functions.;i-should-login-successfully",
        "after": [
          {
            "result": {
              "duration": 641396100,
              "status": "passed"
            },
            "match": {
              "location": "Hooks.tearDown(Scenario)"
            }
          }
        ],
        "type": "scenario",
        "keyword": "Scenario",
        "steps": [
          {
            "result": {
              "duration": 1069628100,
              "status": "passed"
            },
            "line": 8,
            "name": "I see Welcome message",
            "match": {
              "location": "LoginTestSteps.iSeeWelcomeMessage()"
            },
            "keyword": "Then "
          }
        ],
        "tags": [
          {
            "line": 6,
            "name": "@sanity"
          },
          {
            "line": 6,
            "name": "@regression"
          }
        ]
      },
      {
        "line": 3,
        "name": "",
        "description": "",
        "type": "background",
        "keyword": "Background",
        "steps": [
          {
            "result": {
              "duration": 417083700,
              "status": "passed"
            },
            "line": 4,
            "name": "I am on HomePage \u0026 Login to the application",
            "match": {
              "location": "UserTestSteps.iAmOnHomePageLoginToTheApplication()"
            },
            "keyword": "Given "
          }
        ]
      },
      {
        "before": [
          {
            "result": {
              "duration": 1828758300,
              "status": "passed"
            },
            "match": {
              "location": "Hooks.setUp()"
            }
          }
        ],
        "line": 11,
        "name": "I should see Logo",
        "description": "",
        "id": "as-a-user-i-want-to-verify-different-login-functions.;i-should-see-logo",
        "after": [
          {
            "result": {
              "duration": 632225000,
              "status": "passed"
            },
            "match": {
              "location": "Hooks.tearDown(Scenario)"
            }
          }
        ],
        "type": "scenario",
        "keyword": "Scenario",
        "steps": [
          {
            "result": {
              "duration": 1063846300,
              "status": "passed"
            },
            "line": 12,
            "name": "I see the Orange HRM Logo",
            "match": {
              "location": "LoginTestSteps.iSeeTheOrangeHRMLogo()"
            },
            "keyword": "Then "
          }
        ],
        "tags": [
          {
            "line": 10,
            "name": "@smoke"
          },
          {
            "line": 10,
            "name": "@regression"
          }
        ]
      },
      {
        "line": 3,
        "name": "",
        "description": "",
        "type": "background",
        "keyword": "Background",
        "steps": [
          {
            "result": {
              "duration": 404957300,
              "status": "passed"
            },
            "line": 4,
            "name": "I am on HomePage \u0026 Login to the application",
            "match": {
              "location": "UserTestSteps.iAmOnHomePageLoginToTheApplication()"
            },
            "keyword": "Given "
          }
        ]
      },
      {
        "before": [
          {
            "result": {
              "duration": 1909743800,
              "status": "passed"
            },
            "match": {
              "location": "Hooks.setUp()"
            }
          }
        ],
        "line": 15,
        "name": "I should log out successfully",
        "description": "",
        "id": "as-a-user-i-want-to-verify-different-login-functions.;i-should-log-out-successfully",
        "after": [
          {
            "result": {
              "duration": 645365800,
              "status": "passed"
            },
            "match": {
              "location": "Hooks.tearDown(Scenario)"
            }
          }
        ],
        "type": "scenario",
        "keyword": "Scenario",
        "steps": [
          {
            "result": {
              "duration": 1533103400,
              "status": "passed"
            },
            "line": 16,
            "name": "I click on user profile logo",
            "match": {
              "location": "LoginTestSteps.iClickOnUserProfileLogo()"
            },
            "keyword": "When "
          },
          {
            "result": {
              "duration": 1038660400,
              "status": "passed"
            },
            "line": 17,
            "name": "I mouse hover and click on logout",
            "match": {
              "location": "LoginTestSteps.iMouseHoverAndClickOnLogout()"
            },
            "keyword": "And "
          },
          {
            "result": {
              "duration": 193790700,
              "status": "passed"
            },
            "line": 18,
            "name": "I am logged out and see text Login Panel",
            "match": {
              "location": "LoginTestSteps.iAmLoggedOutAndSeeTextLoginPanel()"
            },
            "keyword": "Then "
          }
        ],
        "tags": [
          {
            "line": 14,
            "name": "@regression"
          }
        ]
      }
    ],
    "name": "As a user I want to verify different login functions.",
    "description": "",
    "id": "as-a-user-i-want-to-verify-different-login-functions.",
    "keyword": "Feature",
    "uri": "logintest.feature"
  },
  {
    "line": 1,
    "elements": [
      {
        "line": 3,
        "name": "",
        "description": "",
        "type": "background",
        "keyword": "Background",
        "steps": [
          {
            "result": {
              "duration": 509710600,
              "status": "passed"
            },
            "line": 4,
            "name": "I am on HomePage \u0026 Login to the application",
            "match": {
              "location": "UserTestSteps.iAmOnHomePageLoginToTheApplication()"
            },
            "keyword": "Given "
          }
        ]
      },
      {
        "before": [
          {
            "result": {
              "duration": 2005801300,
              "status": "passed"
            },
            "match": {
              "location": "Hooks.setUp()"
            }
          }
        ],
        "line": 7,
        "name": "Admin should be able to add users",
        "description": "",
        "id": "as-a-user-i-want-to-verify-admin-can-execute-different-actions-on-users.;admin-should-be-able-to-add-users",
        "after": [
          {
            "result": {
              "duration": 805624600,
              "status": "passed"
            },
            "match": {
              "location": "Hooks.tearDown(Scenario)"
            }
          }
        ],
        "type": "scenario",
        "keyword": "Scenario",
        "steps": [
          {
            "result": {
              "duration": 2204108700,
              "status": "passed"
            },
            "line": 8,
            "name": "I click On Admin Tab",
            "match": {
              "location": "UserTestSteps.iClickOnAdminTab()"
            },
            "keyword": "When "
          },
          {
            "result": {
              "duration": 392914200,
              "status": "passed"
            },
            "line": 9,
            "name": "I Verify System Users Text",
            "match": {
              "location": "UserTestSteps.iVerifySystemUsersText()"
            },
            "keyword": "Then "
          },
          {
            "result": {
              "duration": 398210900,
              "status": "passed"
            },
            "line": 10,
            "name": "I click On Add button",
            "match": {
              "location": "UserTestSteps.iClickOnAddButton()"
            },
            "keyword": "When "
          },
          {
            "result": {
              "duration": 218856700,
              "status": "passed"
            },
            "line": 11,
            "name": "I Verify Add User Text",
            "match": {
              "location": "UserTestSteps.iVerifyAddUserText()"
            },
            "keyword": "Then "
          },
          {
            "result": {
              "duration": 22693843800,
              "status": "passed"
            },
            "line": 12,
            "name": "I Select User Role Admin",
            "match": {
              "location": "UserTestSteps.iSelectUserRoleAdmin()"
            },
            "keyword": "When "
          },
          {
            "result": {
              "duration": 41663375200,
              "error_message": "org.openqa.selenium.NoSuchElementException: no such element: Unable to locate element: {\"method\":\"xpath\",\"selector\":\"//*[@class\u003d\u0027oxd-autocomplete-wrapper\u0027]//*[contains(text(),\u0027Goutam  Ganesh\u0027)]\"}\n  (Session info: chrome\u003d113.0.5672.127)\nFor documentation on this error, please visit: https://selenium.dev/exceptions/#no_such_element\nBuild info: version: \u00274.9.0\u0027, revision: \u0027d7057100a6\u0027\nSystem info: os.name: \u0027Windows 10\u0027, os.arch: \u0027amd64\u0027, os.version: \u002710.0\u0027, java.version: \u00271.8.0_121\u0027\nDriver info: org.openqa.selenium.chrome.ChromeDriver\nCommand: [dcec02d65d04bdfa9cc798dd8ab3b8c3, findElement {using\u003dxpath, value\u003d//*[@class\u003d\u0027oxd-autocomplete-wrapper\u0027]//*[contains(text(),\u0027Goutam  Ganesh\u0027)]}]\nCapabilities {acceptInsecureCerts: false, browserName: chrome, browserVersion: 113.0.5672.127, chrome: {chromedriverVersion: 113.0.5672.63 (0e1a4471d5ae..., userDataDir: C:\\Users\\kruna\\AppData\\Loca...}, goog:chromeOptions: {debuggerAddress: localhost:55024}, networkConnectionEnabled: false, pageLoadStrategy: normal, platformName: WINDOWS, proxy: Proxy(), se:cdp: ws://localhost:55024/devtoo..., se:cdpVersion: 113.0.5672.127, setWindowRect: true, strictFileInteractability: false, timeouts: {implicit: 0, pageLoad: 300000, script: 30000}, unhandledPromptBehavior: dismiss and notify, webauthn:extension:credBlob: true, webauthn:extension:largeBlob: true, webauthn:extension:minPinLength: true, webauthn:extension:prf: true, webauthn:virtualAuthenticators: true}\nSession ID: dcec02d65d04bdfa9cc798dd8ab3b8c3\r\n\tat sun.reflect.NativeConstructorAccessorImpl.newInstance0(Native Method)\r\n\tat sun.reflect.NativeConstructorAccessorImpl.newInstance(NativeConstructorAccessorImpl.java:62)\r\n\tat sun.reflect.DelegatingConstructorAccessorImpl.newInstance(DelegatingConstructorAccessorImpl.java:45)\r\n\tat java.lang.reflect.Constructor.newInstance(Constructor.java:423)\r\n\tat org.openqa.selenium.remote.codec.w3c.W3CHttpResponseCodec.createException(W3CHttpResponseCodec.java:200)\r\n\tat org.openqa.selenium.remote.codec.w3c.W3CHttpResponseCodec.decode(W3CHttpResponseCodec.java:133)\r\n\tat org.openqa.selenium.remote.codec.w3c.W3CHttpResponseCodec.decode(W3CHttpResponseCodec.java:53)\r\n\tat org.openqa.selenium.remote.HttpCommandExecutor.execute(HttpCommandExecutor.java:193)\r\n\tat org.openqa.selenium.remote.service.DriverCommandExecutor.invokeExecute(DriverCommandExecutor.java:183)\r\n\tat org.openqa.selenium.remote.service.DriverCommandExecutor.execute(DriverCommandExecutor.java:158)\r\n\tat org.openqa.selenium.remote.RemoteWebDriver.execute(RemoteWebDriver.java:543)\r\n\tat org.openqa.selenium.remote.ElementLocation$ElementFinder$2.findElement(ElementLocation.java:162)\r\n\tat org.openqa.selenium.remote.ElementLocation.findElement(ElementLocation.java:60)\r\n\tat org.openqa.selenium.remote.RemoteWebDriver.findElement(RemoteWebDriver.java:352)\r\n\tat org.openqa.selenium.remote.RemoteWebDriver.findElement(RemoteWebDriver.java:344)\r\n\tat org.openqa.selenium.support.pagefactory.DefaultElementLocator.findElement(DefaultElementLocator.java:70)\r\n\tat org.openqa.selenium.support.pagefactory.internal.LocatingElementHandler.invoke(LocatingElementHandler.java:39)\r\n\tat com.sun.proxy.$Proxy24.click(Unknown Source)\r\n\tat com.orangehrmlive.demo.utilities.Utility.clickOnElement(Utility.java:51)\r\n\tat com.orangehrmlive.demo.pages.ViewSystemUsersPage.enterEmp(ViewSystemUsersPage.java:96)\r\n\tat com.orangehrmlive.demo.steps.UserTestSteps.iEnterEmployeeNameAnanyaDash(UserTestSteps.java:47)\r\n\tat ✽.And I enter Employee Name Ananya Dash(userstest.feature:13)\r\n",
              "status": "failed"
            },
            "line": 13,
            "name": "I enter Employee Name Ananya Dash",
            "match": {
              "location": "UserTestSteps.iEnterEmployeeNameAnanyaDash()"
            },
            "keyword": "And "
          },
          {
            "result": {
              "status": "skipped"
            },
            "line": 14,
            "name": "I enter User name",
            "match": {
              "location": "UserTestSteps.iEnterUserName()"
            },
            "keyword": "And "
          },
          {
            "result": {
              "status": "skipped"
            },
            "line": 15,
            "name": "I Select status Disable",
            "match": {
              "location": "UserTestSteps.iSelectStatusDisable()"
            },
            "keyword": "And "
          },
          {
            "result": {
              "status": "skipped"
            },
            "line": 16,
            "name": "I enter password",
            "match": {
              "location": "UserTestSteps.iEnterPassword()"
            },
            "keyword": "And "
          },
          {
            "result": {
              "status": "skipped"
            },
            "line": 17,
            "name": "I enter Confirm Password",
            "match": {
              "location": "UserTestSteps.iEnterConfirmPassword()"
            },
            "keyword": "And "
          },
          {
            "result": {
              "status": "skipped"
            },
            "line": 18,
            "name": "I click On Save Button",
            "match": {
              "location": "UserTestSteps.iClickOnSaveButton()"
            },
            "keyword": "And "
          },
          {
            "result": {
              "status": "skipped"
            },
            "line": 19,
            "name": "I verify message Successfully Saved",
            "match": {
              "location": "UserTestSteps.iVerifyMessageSuccessfullySaved()"
            },
            "keyword": "Then "
          }
        ],
        "tags": [
          {
            "line": 6,
            "name": "@sanity"
          },
          {
            "line": 6,
            "name": "@regression"
          }
        ]
      },
      {
        "line": 3,
        "name": "",
        "description": "",
        "type": "background",
        "keyword": "Background",
        "steps": [
          {
            "result": {
              "duration": 464462000,
              "status": "passed"
            },
            "line": 4,
            "name": "I am on HomePage \u0026 Login to the application",
            "match": {
              "location": "UserTestSteps.iAmOnHomePageLoginToTheApplication()"
            },
            "keyword": "Given "
          }
        ]
      },
      {
        "before": [
          {
            "result": {
              "duration": 2339451200,
              "status": "passed"
            },
            "match": {
              "location": "Hooks.setUp()"
            }
          }
        ],
        "line": 22,
        "name": "Admin should be able to search the user created and verify it.",
        "description": "",
        "id": "as-a-user-i-want-to-verify-admin-can-execute-different-actions-on-users.;admin-should-be-able-to-search-the-user-created-and-verify-it.",
        "after": [
          {
            "result": {
              "duration": 623262100,
              "status": "passed"
            },
            "match": {
              "location": "Hooks.tearDown(Scenario)"
            }
          }
        ],
        "type": "scenario",
        "keyword": "Scenario",
        "steps": [
          {
            "result": {
              "duration": 2013906700,
              "status": "passed"
            },
            "line": 24,
            "name": "I click On Admin Tab",
            "match": {
              "location": "UserTestSteps.iClickOnAdminTab()"
            },
            "keyword": "When "
          },
          {
            "result": {
              "duration": 514728800,
              "status": "passed"
            },
            "line": 25,
            "name": "I Verify System Users Text",
            "match": {
              "location": "UserTestSteps.iVerifySystemUsersText()"
            },
            "keyword": "Then "
          },
          {
            "result": {
              "duration": 61182900,
              "status": "passed"
            },
            "line": 26,
            "name": "I Enter username",
            "match": {
              "location": "UserTestSteps.iEnterUsername()"
            },
            "keyword": "When "
          },
          {
            "result": {
              "duration": 1614763400,
              "status": "passed"
            },
            "line": 27,
            "name": "I Select user role",
            "match": {
              "location": "UserTestSteps.iSelectUserRole()"
            },
            "keyword": "And "
          },
          {
            "result": {
              "duration": 21703018700,
              "status": "passed"
            },
            "line": 28,
            "name": "I select status",
            "match": {
              "location": "UserTestSteps.iSelectStatus()"
            },
            "keyword": "And "
          },
          {
            "result": {
              "duration": 39709500,
              "status": "passed"
            },
            "line": 29,
            "name": "I click on search",
            "match": {
              "location": "UserTestSteps.iClickOnSearch()"
            },
            "keyword": "And "
          },
          {
            "result": {
              "duration": 224490400,
              "status": "passed"
            },
            "line": 30,
            "name": "I should see the user in the list",
            "match": {
              "location": "UserTestSteps.iShouldSeeTheUserInTheList()"
            },
            "keyword": "Then "
          }
        ],
        "tags": [
          {
            "line": 21,
            "name": "@smoke"
          },
          {
            "line": 21,
            "name": "@regression"
          }
        ]
      },
      {
        "line": 3,
        "name": "",
        "description": "",
        "type": "background",
        "keyword": "Background",
        "steps": [
          {
            "result": {
              "duration": 429962100,
              "status": "passed"
            },
            "line": 4,
            "name": "I am on HomePage \u0026 Login to the application",
            "match": {
              "location": "UserTestSteps.iAmOnHomePageLoginToTheApplication()"
            },
            "keyword": "Given "
          }
        ]
      },
      {
        "before": [
          {
            "result": {
              "duration": 2072214600,
              "status": "passed"
            },
            "match": {
              "location": "Hooks.setUp()"
            }
          }
        ],
        "line": 33,
        "name": "Admin should be able to delete the user record.",
        "description": "",
        "id": "as-a-user-i-want-to-verify-admin-can-execute-different-actions-on-users.;admin-should-be-able-to-delete-the-user-record.",
        "after": [
          {
            "result": {
              "duration": 3832600,
              "error_message": "org.openqa.selenium.WebDriverException: disconnected: not connected to DevTools\n  (failed to check if window was closed: disconnected: not connected to DevTools)\n  (Session info: chrome\u003d113.0.5672.127)\nBuild info: version: \u00274.9.0\u0027, revision: \u0027d7057100a6\u0027\nSystem info: os.name: \u0027Windows 10\u0027, os.arch: \u0027amd64\u0027, os.version: \u002710.0\u0027, java.version: \u00271.8.0_121\u0027\nDriver info: org.openqa.selenium.chrome.ChromeDriver\nCommand: [2a0df16d73147532c3bcb71b096edbb9, screenshot {}]\nCapabilities {acceptInsecureCerts: false, browserName: chrome, browserVersion: 113.0.5672.127, chrome: {chromedriverVersion: 113.0.5672.63 (0e1a4471d5ae..., userDataDir: C:\\Users\\kruna\\AppData\\Loca...}, goog:chromeOptions: {debuggerAddress: localhost:55107}, networkConnectionEnabled: false, pageLoadStrategy: normal, platformName: WINDOWS, proxy: Proxy(), se:cdp: ws://localhost:55107/devtoo..., se:cdpVersion: 113.0.5672.127, setWindowRect: true, strictFileInteractability: false, timeouts: {implicit: 0, pageLoad: 300000, script: 30000}, unhandledPromptBehavior: dismiss and notify, webauthn:extension:credBlob: true, webauthn:extension:largeBlob: true, webauthn:extension:minPinLength: true, webauthn:extension:prf: true, webauthn:virtualAuthenticators: true}\nSession ID: 2a0df16d73147532c3bcb71b096edbb9\r\n\tat sun.reflect.NativeConstructorAccessorImpl.newInstance0(Native Method)\r\n\tat sun.reflect.NativeConstructorAccessorImpl.newInstance(NativeConstructorAccessorImpl.java:62)\r\n\tat sun.reflect.DelegatingConstructorAccessorImpl.newInstance(DelegatingConstructorAccessorImpl.java:45)\r\n\tat java.lang.reflect.Constructor.newInstance(Constructor.java:423)\r\n\tat org.openqa.selenium.remote.codec.w3c.W3CHttpResponseCodec.createException(W3CHttpResponseCodec.java:200)\r\n\tat org.openqa.selenium.remote.codec.w3c.W3CHttpResponseCodec.decode(W3CHttpResponseCodec.java:133)\r\n\tat org.openqa.selenium.remote.codec.w3c.W3CHttpResponseCodec.decode(W3CHttpResponseCodec.java:53)\r\n\tat org.openqa.selenium.remote.HttpCommandExecutor.execute(HttpCommandExecutor.java:193)\r\n\tat org.openqa.selenium.remote.service.DriverCommandExecutor.invokeExecute(DriverCommandExecutor.java:183)\r\n\tat org.openqa.selenium.remote.service.DriverCommandExecutor.execute(DriverCommandExecutor.java:158)\r\n\tat org.openqa.selenium.remote.RemoteWebDriver.execute(RemoteWebDriver.java:543)\r\n\tat org.openqa.selenium.remote.RemoteWebDriver.execute(RemoteWebDriver.java:598)\r\n\tat org.openqa.selenium.remote.RemoteWebDriver.execute(RemoteWebDriver.java:602)\r\n\tat org.openqa.selenium.remote.RemoteWebDriver.getScreenshotAs(RemoteWebDriver.java:318)\r\n\tat com.orangehrmlive.demo.utilities.Utility.getScreenshot(Utility.java:333)\r\n\tat com.orangehrmlive.demo.Hooks.tearDown(Hooks.java:22)\r\n\tat sun.reflect.NativeMethodAccessorImpl.invoke0(Native Method)\r\n\tat sun.reflect.NativeMethodAccessorImpl.invoke(NativeMethodAccessorImpl.java:62)\r\n\tat sun.reflect.DelegatingMethodAccessorImpl.invoke(DelegatingMethodAccessorImpl.java:43)\r\n\tat java.lang.reflect.Method.invoke(Method.java:498)\r\n\tat cucumber.runtime.Utils$1.call(Utils.java:40)\r\n\tat cucumber.runtime.Timeout.timeout(Timeout.java:16)\r\n\tat cucumber.runtime.Utils.invoke(Utils.java:34)\r\n\tat cucumber.runtime.java.JavaHookDefinition.execute(JavaHookDefinition.java:60)\r\n\tat cucumber.runtime.Runtime.runHookIfTagsMatch(Runtime.java:224)\r\n\tat cucumber.runtime.Runtime.runHooks(Runtime.java:212)\r\n\tat cucumber.runtime.Runtime.runAfterHooks(Runtime.java:206)\r\n\tat cucumber.runtime.model.CucumberScenario.run(CucumberScenario.java:46)\r\n\tat cucumber.runtime.junit.ExecutionUnitRunner.run(ExecutionUnitRunner.java:102)\r\n\tat cucumber.runtime.junit.FeatureRunner.runChild(FeatureRunner.java:63)\r\n\tat cucumber.runtime.junit.FeatureRunner.runChild(FeatureRunner.java:18)\r\n\tat org.junit.runners.ParentRunner$3.run(ParentRunner.java:290)\r\n\tat org.junit.runners.ParentRunner$1.schedule(ParentRunner.java:71)\r\n\tat org.junit.runners.ParentRunner.runChildren(ParentRunner.java:288)\r\n\tat org.junit.runners.ParentRunner.access$000(ParentRunner.java:58)\r\n\tat org.junit.runners.ParentRunner$2.evaluate(ParentRunner.java:268)\r\n\tat org.junit.runners.ParentRunner.run(ParentRunner.java:363)\r\n\tat cucumber.runtime.junit.FeatureRunner.run(FeatureRunner.java:70)\r\n\tat cucumber.api.junit.Cucumber.runChild(Cucumber.java:95)\r\n\tat cucumber.api.junit.Cucumber.runChild(Cucumber.java:38)\r\n\tat org.junit.runners.ParentRunner$3.run(ParentRunner.java:290)\r\n\tat org.junit.runners.ParentRunner$1.schedule(ParentRunner.java:71)\r\n\tat org.junit.runners.ParentRunner.runChildren(ParentRunner.java:288)\r\n\tat org.junit.runners.ParentRunner.access$000(ParentRunner.java:58)\r\n\tat org.junit.runners.ParentRunner$2.evaluate(ParentRunner.java:268)\r\n\tat org.junit.internal.runners.statements.RunAfters.evaluate(RunAfters.java:27)\r\n\tat org.junit.runners.ParentRunner.run(ParentRunner.java:363)\r\n\tat cucumber.api.junit.Cucumber.run(Cucumber.java:100)\r\n\tat org.junit.runner.JUnitCore.run(JUnitCore.java:137)\r\n\tat com.intellij.junit4.JUnit4IdeaTestRunner.startRunnerWithArgs(JUnit4IdeaTestRunner.java:69)\r\n\tat com.intellij.rt.junit.IdeaTestRunner$Repeater$1.execute(IdeaTestRunner.java:38)\r\n\tat com.intellij.rt.execution.junit.TestsRepeater.repeat(TestsRepeater.java:11)\r\n\tat com.intellij.rt.junit.IdeaTestRunner$Repeater.startRunnerWithArgs(IdeaTestRunner.java:35)\r\n\tat com.intellij.rt.junit.JUnitStarter.prepareStreamsAndStart(JUnitStarter.java:235)\r\n\tat com.intellij.rt.junit.JUnitStarter.main(JUnitStarter.java:54)\r\n",
              "status": "failed"
            },
            "match": {
              "location": "Hooks.tearDown(Scenario)"
            }
          }
        ],
        "type": "scenario",
        "keyword": "Scenario",
        "steps": [
          {
            "result": {
              "duration": 2485257900,
              "status": "passed"
            },
            "line": 34,
            "name": "I click On Admin Tab",
            "match": {
              "location": "UserTestSteps.iClickOnAdminTab()"
            },
            "keyword": "When "
          },
          {
            "result": {
              "duration": 258993600,
              "status": "passed"
            },
            "line": 35,
            "name": "I Verify System Users Text",
            "match": {
              "location": "UserTestSteps.iVerifySystemUsersText()"
            },
            "keyword": "Then "
          },
          {
            "result": {
              "duration": 372982000,
              "status": "passed"
            },
            "line": 36,
            "name": "I click On Add button",
            "match": {
              "location": "UserTestSteps.iClickOnAddButton()"
            },
            "keyword": "When "
          },
          {
            "result": {
              "duration": 197646000,
              "status": "passed"
            },
            "line": 37,
            "name": "I Verify Add User Text",
            "match": {
              "location": "UserTestSteps.iVerifyAddUserText()"
            },
            "keyword": "Then "
          },
          {
            "result": {
              "duration": 8284252400,
              "error_message": "org.openqa.selenium.WebDriverException: disconnected: unable to send message to renderer\n  (failed to check if window was closed: disconnected: not connected to DevTools)\n  (Session info: chrome\u003d113.0.5672.127)\nBuild info: version: \u00274.9.0\u0027, revision: \u0027d7057100a6\u0027\nSystem info: os.name: \u0027Windows 10\u0027, os.arch: \u0027amd64\u0027, os.version: \u002710.0\u0027, java.version: \u00271.8.0_121\u0027\nDriver info: org.openqa.selenium.chrome.ChromeDriver\nCommand: [2a0df16d73147532c3bcb71b096edbb9, findElement {using\u003dxpath, value\u003d//*[@class\u003d\u0027oxd-select-wrapper\u0027]//*[contains(text(),\u0027Admin\u0027)]}]\nCapabilities {acceptInsecureCerts: false, browserName: chrome, browserVersion: 113.0.5672.127, chrome: {chromedriverVersion: 113.0.5672.63 (0e1a4471d5ae..., userDataDir: C:\\Users\\kruna\\AppData\\Loca...}, goog:chromeOptions: {debuggerAddress: localhost:55107}, networkConnectionEnabled: false, pageLoadStrategy: normal, platformName: WINDOWS, proxy: Proxy(), se:cdp: ws://localhost:55107/devtoo..., se:cdpVersion: 113.0.5672.127, setWindowRect: true, strictFileInteractability: false, timeouts: {implicit: 0, pageLoad: 300000, script: 30000}, unhandledPromptBehavior: dismiss and notify, webauthn:extension:credBlob: true, webauthn:extension:largeBlob: true, webauthn:extension:minPinLength: true, webauthn:extension:prf: true, webauthn:virtualAuthenticators: true}\nSession ID: 2a0df16d73147532c3bcb71b096edbb9\r\n\tat sun.reflect.NativeConstructorAccessorImpl.newInstance0(Native Method)\r\n\tat sun.reflect.NativeConstructorAccessorImpl.newInstance(NativeConstructorAccessorImpl.java:62)\r\n\tat sun.reflect.DelegatingConstructorAccessorImpl.newInstance(DelegatingConstructorAccessorImpl.java:45)\r\n\tat java.lang.reflect.Constructor.newInstance(Constructor.java:423)\r\n\tat org.openqa.selenium.remote.codec.w3c.W3CHttpResponseCodec.createException(W3CHttpResponseCodec.java:200)\r\n\tat org.openqa.selenium.remote.codec.w3c.W3CHttpResponseCodec.decode(W3CHttpResponseCodec.java:133)\r\n\tat org.openqa.selenium.remote.codec.w3c.W3CHttpResponseCodec.decode(W3CHttpResponseCodec.java:53)\r\n\tat org.openqa.selenium.remote.HttpCommandExecutor.execute(HttpCommandExecutor.java:193)\r\n\tat org.openqa.selenium.remote.service.DriverCommandExecutor.invokeExecute(DriverCommandExecutor.java:183)\r\n\tat org.openqa.selenium.remote.service.DriverCommandExecutor.execute(DriverCommandExecutor.java:158)\r\n\tat org.openqa.selenium.remote.RemoteWebDriver.execute(RemoteWebDriver.java:543)\r\n\tat org.openqa.selenium.remote.ElementLocation$ElementFinder$2.findElement(ElementLocation.java:162)\r\n\tat org.openqa.selenium.remote.ElementLocation.findElement(ElementLocation.java:60)\r\n\tat org.openqa.selenium.remote.RemoteWebDriver.findElement(RemoteWebDriver.java:352)\r\n\tat org.openqa.selenium.remote.RemoteWebDriver.findElement(RemoteWebDriver.java:344)\r\n\tat org.openqa.selenium.support.pagefactory.DefaultElementLocator.findElement(DefaultElementLocator.java:70)\r\n\tat org.openqa.selenium.support.pagefactory.internal.LocatingElementHandler.invoke(LocatingElementHandler.java:39)\r\n\tat com.sun.proxy.$Proxy24.toString(Unknown Source)\r\n\tat com.orangehrmlive.demo.pages.ViewSystemUsersPage.selectAdminRole(ViewSystemUsersPage.java:85)\r\n\tat com.orangehrmlive.demo.steps.UserTestSteps.iSelectUserRoleAdmin(UserTestSteps.java:41)\r\n\tat ✽.When I Select User Role Admin(userstest.feature:38)\r\n",
              "status": "failed"
            },
            "line": 38,
            "name": "I Select User Role Admin",
            "match": {
              "location": "UserTestSteps.iSelectUserRoleAdmin()"
            },
            "keyword": "When "
          },
          {
            "result": {
              "status": "skipped"
            },
            "line": 39,
            "name": "I enter Employee Name Ananya Dash",
            "match": {
              "location": "UserTestSteps.iEnterEmployeeNameAnanyaDash()"
            },
            "keyword": "And "
          },
          {
            "result": {
              "status": "skipped"
            },
            "line": 40,
            "name": "I enter User name",
            "match": {
              "location": "UserTestSteps.iEnterUserName()"
            },
            "keyword": "And "
          },
          {
            "result": {
              "status": "skipped"
            },
            "line": 41,
            "name": "I select status enable",
            "match": {
              "location": "UserTestSteps.iSelectStatusEnable()"
            },
            "keyword": "And "
          },
          {
            "result": {
              "status": "skipped"
            },
            "line": 42,
            "name": "I enter password",
            "match": {
              "location": "UserTestSteps.iEnterPassword()"
            },
            "keyword": "And "
          },
          {
            "result": {
              "status": "skipped"
            },
            "line": 43,
            "name": "I enter Confirm Password",
            "match": {
              "location": "UserTestSteps.iEnterConfirmPassword()"
            },
            "keyword": "And "
          },
          {
            "result": {
              "status": "skipped"
            },
            "line": 44,
            "name": "I click On Save Button",
            "match": {
              "location": "UserTestSteps.iClickOnSaveButton()"
            },
            "keyword": "And "
          },
          {
            "result": {
              "status": "skipped"
            },
            "line": 45,
            "name": "I search for user",
            "match": {
              "location": "UserTestSteps.iSearchForUser()"
            },
            "keyword": "And "
          },
          {
            "result": {
              "status": "skipped"
            },
            "line": 46,
            "name": "I select user role",
            "match": {
              "location": "UserTestSteps.iSelectUserRole2()"
            },
            "keyword": "And "
          },
          {
            "result": {
              "status": "skipped"
            },
            "line": 47,
            "name": "I select the status",
            "match": {
              "location": "UserTestSteps.iSelectTheStatus()"
            },
            "keyword": "And "
          },
          {
            "result": {
              "status": "skipped"
            },
            "line": 48,
            "name": "I click on Search",
            "match": {
              "location": "UserTestSteps.iClickOnSearch2()"
            },
            "keyword": "And "
          },
          {
            "result": {
              "status": "skipped"
            },
            "line": 49,
            "name": "I click on check box",
            "match": {
              "location": "UserTestSteps.iClickOnCheckBox()"
            },
            "keyword": "And "
          },
          {
            "result": {
              "status": "skipped"
            },
            "line": 50,
            "name": "I click delete",
            "match": {
              "location": "UserTestSteps.iClickDelete()"
            },
            "keyword": "And "
          },
          {
            "result": {
              "status": "skipped"
            },
            "line": 51,
            "name": "I click ok on pop up",
            "match": {
              "location": "UserTestSteps.iClickOkOnPopUp()"
            },
            "keyword": "And "
          },
          {
            "result": {
              "status": "skipped"
            },
            "line": 52,
            "name": "I should see message Successfully Deleted",
            "match": {
              "location": "UserTestSteps.iShouldSeeMessageSuccessfullyDeleted()"
            },
            "keyword": "Then "
          }
        ],
        "tags": [
          {
            "line": 32,
            "name": "@regression"
          }
        ]
      },
      {
        "line": 3,
        "name": "",
        "description": "",
        "type": "background",
        "keyword": "Background",
        "steps": [
          {
            "result": {
              "duration": 1257543500,
              "status": "passed"
            },
            "line": 4,
            "name": "I am on HomePage \u0026 Login to the application",
            "match": {
              "location": "UserTestSteps.iAmOnHomePageLoginToTheApplication()"
            },
            "keyword": "Given "
          }
        ]
      },
      {
        "before": [
          {
            "result": {
              "duration": 2031308200,
              "status": "passed"
            },
            "match": {
              "location": "Hooks.setUp()"
            }
          }
        ],
        "line": 55,
        "name": "I want to search for deleted record to ensure it is not found.",
        "description": "",
        "id": "as-a-user-i-want-to-verify-admin-can-execute-different-actions-on-users.;i-want-to-search-for-deleted-record-to-ensure-it-is-not-found.",
        "after": [
          {
            "result": {
              "duration": 5385400,
              "error_message": "org.openqa.selenium.WebDriverException: disconnected: not connected to DevTools\n  (failed to check if window was closed: disconnected: not connected to DevTools)\n  (Session info: chrome\u003d113.0.5672.127)\nBuild info: version: \u00274.9.0\u0027, revision: \u0027d7057100a6\u0027\nSystem info: os.name: \u0027Windows 10\u0027, os.arch: \u0027amd64\u0027, os.version: \u002710.0\u0027, java.version: \u00271.8.0_121\u0027\nDriver info: org.openqa.selenium.chrome.ChromeDriver\nCommand: [ee2b66190469135a6b861c3ad9b6f9e7, screenshot {}]\nCapabilities {acceptInsecureCerts: false, browserName: chrome, browserVersion: 113.0.5672.127, chrome: {chromedriverVersion: 113.0.5672.63 (0e1a4471d5ae..., userDataDir: C:\\Users\\kruna\\AppData\\Loca...}, goog:chromeOptions: {debuggerAddress: localhost:55133}, networkConnectionEnabled: false, pageLoadStrategy: normal, platformName: WINDOWS, proxy: Proxy(), se:cdp: ws://localhost:55133/devtoo..., se:cdpVersion: 113.0.5672.127, setWindowRect: true, strictFileInteractability: false, timeouts: {implicit: 0, pageLoad: 300000, script: 30000}, unhandledPromptBehavior: dismiss and notify, webauthn:extension:credBlob: true, webauthn:extension:largeBlob: true, webauthn:extension:minPinLength: true, webauthn:extension:prf: true, webauthn:virtualAuthenticators: true}\nSession ID: ee2b66190469135a6b861c3ad9b6f9e7\r\n\tat sun.reflect.NativeConstructorAccessorImpl.newInstance0(Native Method)\r\n\tat sun.reflect.NativeConstructorAccessorImpl.newInstance(NativeConstructorAccessorImpl.java:62)\r\n\tat sun.reflect.DelegatingConstructorAccessorImpl.newInstance(DelegatingConstructorAccessorImpl.java:45)\r\n\tat java.lang.reflect.Constructor.newInstance(Constructor.java:423)\r\n\tat org.openqa.selenium.remote.codec.w3c.W3CHttpResponseCodec.createException(W3CHttpResponseCodec.java:200)\r\n\tat org.openqa.selenium.remote.codec.w3c.W3CHttpResponseCodec.decode(W3CHttpResponseCodec.java:133)\r\n\tat org.openqa.selenium.remote.codec.w3c.W3CHttpResponseCodec.decode(W3CHttpResponseCodec.java:53)\r\n\tat org.openqa.selenium.remote.HttpCommandExecutor.execute(HttpCommandExecutor.java:193)\r\n\tat org.openqa.selenium.remote.service.DriverCommandExecutor.invokeExecute(DriverCommandExecutor.java:183)\r\n\tat org.openqa.selenium.remote.service.DriverCommandExecutor.execute(DriverCommandExecutor.java:158)\r\n\tat org.openqa.selenium.remote.RemoteWebDriver.execute(RemoteWebDriver.java:543)\r\n\tat org.openqa.selenium.remote.RemoteWebDriver.execute(RemoteWebDriver.java:598)\r\n\tat org.openqa.selenium.remote.RemoteWebDriver.execute(RemoteWebDriver.java:602)\r\n\tat org.openqa.selenium.remote.RemoteWebDriver.getScreenshotAs(RemoteWebDriver.java:318)\r\n\tat com.orangehrmlive.demo.utilities.Utility.getScreenshot(Utility.java:333)\r\n\tat com.orangehrmlive.demo.Hooks.tearDown(Hooks.java:22)\r\n\tat sun.reflect.NativeMethodAccessorImpl.invoke0(Native Method)\r\n\tat sun.reflect.NativeMethodAccessorImpl.invoke(NativeMethodAccessorImpl.java:62)\r\n\tat sun.reflect.DelegatingMethodAccessorImpl.invoke(DelegatingMethodAccessorImpl.java:43)\r\n\tat java.lang.reflect.Method.invoke(Method.java:498)\r\n\tat cucumber.runtime.Utils$1.call(Utils.java:40)\r\n\tat cucumber.runtime.Timeout.timeout(Timeout.java:16)\r\n\tat cucumber.runtime.Utils.invoke(Utils.java:34)\r\n\tat cucumber.runtime.java.JavaHookDefinition.execute(JavaHookDefinition.java:60)\r\n\tat cucumber.runtime.Runtime.runHookIfTagsMatch(Runtime.java:224)\r\n\tat cucumber.runtime.Runtime.runHooks(Runtime.java:212)\r\n\tat cucumber.runtime.Runtime.runAfterHooks(Runtime.java:206)\r\n\tat cucumber.runtime.model.CucumberScenario.run(CucumberScenario.java:46)\r\n\tat cucumber.runtime.junit.ExecutionUnitRunner.run(ExecutionUnitRunner.java:102)\r\n\tat cucumber.runtime.junit.FeatureRunner.runChild(FeatureRunner.java:63)\r\n\tat cucumber.runtime.junit.FeatureRunner.runChild(FeatureRunner.java:18)\r\n\tat org.junit.runners.ParentRunner$3.run(ParentRunner.java:290)\r\n\tat org.junit.runners.ParentRunner$1.schedule(ParentRunner.java:71)\r\n\tat org.junit.runners.ParentRunner.runChildren(ParentRunner.java:288)\r\n\tat org.junit.runners.ParentRunner.access$000(ParentRunner.java:58)\r\n\tat org.junit.runners.ParentRunner$2.evaluate(ParentRunner.java:268)\r\n\tat org.junit.runners.ParentRunner.run(ParentRunner.java:363)\r\n\tat cucumber.runtime.junit.FeatureRunner.run(FeatureRunner.java:70)\r\n\tat cucumber.api.junit.Cucumber.runChild(Cucumber.java:95)\r\n\tat cucumber.api.junit.Cucumber.runChild(Cucumber.java:38)\r\n\tat org.junit.runners.ParentRunner$3.run(ParentRunner.java:290)\r\n\tat org.junit.runners.ParentRunner$1.schedule(ParentRunner.java:71)\r\n\tat org.junit.runners.ParentRunner.runChildren(ParentRunner.java:288)\r\n\tat org.junit.runners.ParentRunner.access$000(ParentRunner.java:58)\r\n\tat org.junit.runners.ParentRunner$2.evaluate(ParentRunner.java:268)\r\n\tat org.junit.internal.runners.statements.RunAfters.evaluate(RunAfters.java:27)\r\n\tat org.junit.runners.ParentRunner.run(ParentRunner.java:363)\r\n\tat cucumber.api.junit.Cucumber.run(Cucumber.java:100)\r\n\tat org.junit.runner.JUnitCore.run(JUnitCore.java:137)\r\n\tat com.intellij.junit4.JUnit4IdeaTestRunner.startRunnerWithArgs(JUnit4IdeaTestRunner.java:69)\r\n\tat com.intellij.rt.junit.IdeaTestRunner$Repeater$1.execute(IdeaTestRunner.java:38)\r\n\tat com.intellij.rt.execution.junit.TestsRepeater.repeat(TestsRepeater.java:11)\r\n\tat com.intellij.rt.junit.IdeaTestRunner$Repeater.startRunnerWithArgs(IdeaTestRunner.java:35)\r\n\tat com.intellij.rt.junit.JUnitStarter.prepareStreamsAndStart(JUnitStarter.java:235)\r\n\tat com.intellij.rt.junit.JUnitStarter.main(JUnitStarter.java:54)\r\n",
              "status": "failed"
            },
            "match": {
              "location": "Hooks.tearDown(Scenario)"
            }
          }
        ],
        "type": "scenario",
        "keyword": "Scenario",
        "steps": [
          {
            "result": {
              "duration": 1363878900,
              "status": "passed"
            },
            "line": 56,
            "name": "I click On Admin Tab",
            "match": {
              "location": "UserTestSteps.iClickOnAdminTab()"
            },
            "keyword": "When "
          },
          {
            "result": {
              "duration": 416407600,
              "status": "passed"
            },
            "line": 57,
            "name": "I Verify System Users Text",
            "match": {
              "location": "UserTestSteps.iVerifySystemUsersText()"
            },
            "keyword": "Then "
          },
          {
            "result": {
              "duration": 58190000,
              "status": "passed"
            },
            "line": 58,
            "name": "I search for user",
            "match": {
              "location": "UserTestSteps.iSearchForUser()"
            },
            "keyword": "When "
          },
          {
            "result": {
              "duration": 1623265400,
              "status": "passed"
            },
            "line": 59,
            "name": "I select user role",
            "match": {
              "location": "UserTestSteps.iSelectUserRole2()"
            },
            "keyword": "And "
          },
          {
            "result": {
              "duration": 4289989500,
              "error_message": "org.openqa.selenium.WebDriverException: disconnected: unable to send message to renderer\n  (failed to check if window was closed: disconnected: not connected to DevTools)\n  (Session info: chrome\u003d113.0.5672.127)\nBuild info: version: \u00274.9.0\u0027, revision: \u0027d7057100a6\u0027\nSystem info: os.name: \u0027Windows 10\u0027, os.arch: \u0027amd64\u0027, os.version: \u002710.0\u0027, java.version: \u00271.8.0_121\u0027\nDriver info: org.openqa.selenium.chrome.ChromeDriver\nCommand: [ee2b66190469135a6b861c3ad9b6f9e7, findElement {using\u003dxpath, value\u003d//*[@class\u003d\u0027oxd-select-wrapper\u0027]//*[contains(text(),\u0027Disabled\u0027)]}]\nCapabilities {acceptInsecureCerts: false, browserName: chrome, browserVersion: 113.0.5672.127, chrome: {chromedriverVersion: 113.0.5672.63 (0e1a4471d5ae..., userDataDir: C:\\Users\\kruna\\AppData\\Loca...}, goog:chromeOptions: {debuggerAddress: localhost:55133}, networkConnectionEnabled: false, pageLoadStrategy: normal, platformName: WINDOWS, proxy: Proxy(), se:cdp: ws://localhost:55133/devtoo..., se:cdpVersion: 113.0.5672.127, setWindowRect: true, strictFileInteractability: false, timeouts: {implicit: 0, pageLoad: 300000, script: 30000}, unhandledPromptBehavior: dismiss and notify, webauthn:extension:credBlob: true, webauthn:extension:largeBlob: true, webauthn:extension:minPinLength: true, webauthn:extension:prf: true, webauthn:virtualAuthenticators: true}\nSession ID: ee2b66190469135a6b861c3ad9b6f9e7\r\n\tat sun.reflect.NativeConstructorAccessorImpl.newInstance0(Native Method)\r\n\tat sun.reflect.NativeConstructorAccessorImpl.newInstance(NativeConstructorAccessorImpl.java:62)\r\n\tat sun.reflect.DelegatingConstructorAccessorImpl.newInstance(DelegatingConstructorAccessorImpl.java:45)\r\n\tat java.lang.reflect.Constructor.newInstance(Constructor.java:423)\r\n\tat org.openqa.selenium.remote.codec.w3c.W3CHttpResponseCodec.createException(W3CHttpResponseCodec.java:200)\r\n\tat org.openqa.selenium.remote.codec.w3c.W3CHttpResponseCodec.decode(W3CHttpResponseCodec.java:133)\r\n\tat org.openqa.selenium.remote.codec.w3c.W3CHttpResponseCodec.decode(W3CHttpResponseCodec.java:53)\r\n\tat org.openqa.selenium.remote.HttpCommandExecutor.execute(HttpCommandExecutor.java:193)\r\n\tat org.openqa.selenium.remote.service.DriverCommandExecutor.invokeExecute(DriverCommandExecutor.java:183)\r\n\tat org.openqa.selenium.remote.service.DriverCommandExecutor.execute(DriverCommandExecutor.java:158)\r\n\tat org.openqa.selenium.remote.RemoteWebDriver.execute(RemoteWebDriver.java:543)\r\n\tat org.openqa.selenium.remote.ElementLocation$ElementFinder$2.findElement(ElementLocation.java:162)\r\n\tat org.openqa.selenium.remote.ElementLocation.findElement(ElementLocation.java:60)\r\n\tat org.openqa.selenium.remote.RemoteWebDriver.findElement(RemoteWebDriver.java:352)\r\n\tat org.openqa.selenium.remote.RemoteWebDriver.findElement(RemoteWebDriver.java:344)\r\n\tat org.openqa.selenium.support.pagefactory.DefaultElementLocator.findElement(DefaultElementLocator.java:70)\r\n\tat org.openqa.selenium.support.pagefactory.internal.LocatingElementHandler.invoke(LocatingElementHandler.java:39)\r\n\tat com.sun.proxy.$Proxy24.toString(Unknown Source)\r\n\tat com.orangehrmlive.demo.pages.AddUserPage.SelectStatusDisable(AddUserPage.java:74)\r\n\tat com.orangehrmlive.demo.steps.UserTestSteps.iSelectItsStatus(UserTestSteps.java:173)\r\n\tat ✽.And I select its status(userstest.feature:60)\r\n",
              "status": "failed"
            },
            "line": 60,
            "name": "I select its status",
            "match": {
              "location": "UserTestSteps.iSelectItsStatus()"
            },
            "keyword": "And "
          },
          {
            "result": {
              "status": "skipped"
            },
            "line": 61,
            "name": "I click search",
            "match": {
              "location": "UserTestSteps.iClickSearch()"
            },
            "keyword": "And "
          },
          {
            "result": {
              "status": "skipped"
            },
            "line": 62,
            "name": "I see message No Record Found",
            "match": {
              "location": "UserTestSteps.iSeeMessageNoRecordFound()"
            },
            "keyword": "Then "
          }
        ],
        "tags": [
          {
            "line": 54,
            "name": "@regression"
          }
        ]
      }
    ],
    "name": "As a user I want to verify admin can execute different actions on users.",
    "description": "",
    "id": "as-a-user-i-want-to-verify-admin-can-execute-different-actions-on-users.",
    "keyword": "Feature",
    "uri": "userstest.feature"
  }
]